<?xml version="1.0" encoding="utf-8" ?>
<!DOCTYPE html PUBLIC "-//W3C//DTD XHTML 1.0 Strict//EN"
        "http://www.w3.org/TR/xhtml1/DTD/xhtml1-strict.dtd">
<html xmlns="http://www.w3.org/1999/xhtml" xml:lang="" lang="">
<head>
  <title>Test Results Report - Regression</title>
  <meta http-equiv="Content-Type" content="text/html;charset=utf-8" />
  <meta name="description" content="TestNG unit test results." />
  <link href="reportng.css" rel="stylesheet" type="text/css" />
    <script type="text/javascript" src="reportng.js"></script>
</head>
<body>
<h1>Regression</h1>
<p>
  Test duration: 181.534s
</p>



  <table class="resultsTable">
    <tr><th colspan="3" class="header failed">Failed Tests</th></tr>
          <tr>
        <td colspan="3" class="group">TestScript.ApplicantCTest.ApplicationSubmissionTest.ApplicationTest</td>
      </tr>
            
<tr>
  <td class="method">
                  ApplicationTest
      </td>
  <td class="duration">
    40.082s
  </td>
  <td class="result">
        
          <i>Method arguments: </i><span class="arguments">"", "SETTEXT", "Other Structure Area", "456.0", "Other Structure Area should be Numric."</span><br />
    
        

        <a href="javascript:toggleElement('exception-0', 'block')" title="Click to expand/collapse"><b>org.openqa.selenium.NoSuchElementException: no such element: Unable to locate element: {&quot;method&quot;:&quot;xpath&quot;,&quot;selector&quot;:&quot;./*//*[@id=&apos;TxtOtherArea_text&apos;]&quot;}<br/>
&nbsp; (Session info: chrome=62.0.3202.94)<br/>
&nbsp; (Driver info: chromedriver=2.33.506120 (e3e53437346286c0bc2d2dc9aa4915ba81d9023f),platform=Windows NT 6.1.7601 SP1 x86_64) (WARNING: The server did not provide any stacktrace information)<br/>
Command duration or timeout: 40.06 seconds<br/>
For documentation on this error, please visit: http://seleniumhq.org/exceptions/no_such_element.html<br/>
Build info: version: &apos;unknown&apos;, revision: &apos;unknown&apos;, time: &apos;unknown&apos;<br/>
System info: host: &apos;SEPL039&apos;, ip: &apos;192.168.1.194&apos;, os.name: &apos;Windows 7&apos;, os.arch: &apos;x86&apos;, os.version: &apos;6.1&apos;, java.version: &apos;1.8.0_144&apos;<br/>
Driver info: org.openqa.selenium.chrome.ChromeDriver<br/>
Capabilities [{applicationCacheEnabled=false, rotatable=false, mobileEmulationEnabled=false, networkConnectionEnabled=false, chrome={chromedriverVersion=2.33.506120 (e3e53437346286c0bc2d2dc9aa4915ba81d9023f), userDataDir=C:\Users\AKSHAY~1.POK\AppData\Local\Temp\scoped_dir5980_17146}, takesHeapSnapshot=true, pageLoadStrategy=normal, databaseEnabled=false, handlesAlerts=true, hasTouchScreen=false, version=62.0.3202.94, platform=XP, browserConnectionEnabled=false, nativeEvents=true, acceptSslCerts=true, locationContextEnabled=true, webStorageEnabled=true, browserName=chrome, takesScreenshot=true, javascriptEnabled=true, cssSelectorsEnabled=true, setWindowRect=true, unexpectedAlertBehaviour=}]<br/>
Session ID: 892f588e3291682ab94dda690f9e9173<br/>
*** Element info: {Using=xpath, value=./*//*[@id=&apos;TxtOtherArea_text&apos;]}</b></a><br />
    <div class="stackTrace" id="exception-0">
              sun.reflect.NativeConstructorAccessorImpl.newInstance0(Native Method)<br />
              sun.reflect.NativeConstructorAccessorImpl.newInstance(NativeConstructorAccessorImpl.java:62)<br />
              sun.reflect.DelegatingConstructorAccessorImpl.newInstance(DelegatingConstructorAccessorImpl.java:45)<br />
              java.lang.reflect.Constructor.newInstance(Constructor.java:423)<br />
              org.openqa.selenium.remote.ErrorHandler.createThrowable(ErrorHandler.java:215)<br />
              org.openqa.selenium.remote.ErrorHandler.throwIfResponseFailed(ErrorHandler.java:167)<br />
              org.openqa.selenium.remote.RemoteWebDriver.execute(RemoteWebDriver.java:671)<br />
              org.openqa.selenium.remote.RemoteWebDriver.findElement(RemoteWebDriver.java:410)<br />
              org.openqa.selenium.remote.RemoteWebDriver.findElementByXPath(RemoteWebDriver.java:509)<br />
              org.openqa.selenium.By$ByXPath.findElement(By.java:361)<br />
              org.openqa.selenium.remote.RemoteWebDriver.findElement(RemoteWebDriver.java:402)<br />
              org.openqa.selenium.support.pagefactory.DefaultElementLocator.findElement(DefaultElementLocator.java:69)<br />
              org.openqa.selenium.support.pagefactory.internal.LocatingElementHandler.invoke(LocatingElementHandler.java:38)<br />
              com.sun.proxy.$Proxy7.clear(Unknown Source)<br />
              TestScript.ApplicantCTest.ApplicationSubmissionTest.ApplicationTest.ApplicationTest(ApplicationTest.java:1084)<br />
              sun.reflect.GeneratedMethodAccessor2.invoke(Unknown Source)<br />
              sun.reflect.DelegatingMethodAccessorImpl.invoke(DelegatingMethodAccessorImpl.java:43)<br />
              java.lang.reflect.Method.invoke(Method.java:498)<br />
              org.testng.internal.MethodInvocationHelper.invokeMethod(MethodInvocationHelper.java:85)<br />
              org.testng.internal.Invoker.invokeMethod(Invoker.java:639)<br />
              org.testng.internal.Invoker.invokeTestMethod(Invoker.java:816)<br />
              org.testng.internal.Invoker.invokeTestMethods(Invoker.java:1124)<br />
              org.testng.internal.TestMethodWorker.invokeTestMethods(TestMethodWorker.java:125)<br />
              org.testng.internal.TestMethodWorker.run(TestMethodWorker.java:108)<br />
              org.testng.TestRunner.privateRun(TestRunner.java:774)<br />
              org.testng.TestRunner.run(TestRunner.java:624)<br />
              org.testng.SuiteRunner.runTest(SuiteRunner.java:359)<br />
              org.testng.SuiteRunner.runSequentially(SuiteRunner.java:354)<br />
              org.testng.SuiteRunner.privateRun(SuiteRunner.java:312)<br />
              org.testng.SuiteRunner.run(SuiteRunner.java:261)<br />
              org.testng.SuiteRunnerWorker.runSuite(SuiteRunnerWorker.java:52)<br />
              org.testng.SuiteRunnerWorker.run(SuiteRunnerWorker.java:86)<br />
              org.testng.TestNG.runSuitesSequentially(TestNG.java:1215)<br />
              org.testng.TestNG.runSuitesLocally(TestNG.java:1140)<br />
              org.testng.TestNG.run(TestNG.java:1048)<br />
              org.testng.IDEARemoteTestNG.run(IDEARemoteTestNG.java:72)<br />
              org.testng.RemoteTestNGStarter.main(RemoteTestNGStarter.java:123)<br />
                </div>
      </td>
</tr>
<tr>
  <td class="method">
                  ApplicationTest
      </td>
  <td class="duration">
    40.064s
  </td>
  <td class="result">
        
          <i>Method arguments: </i><span class="arguments">"", "SETTEXT", "Other Structure Area", "456.0", "Other Structure Area should be Numric."</span><br />
    
        

        <a href="javascript:toggleElement('exception-1', 'block')" title="Click to expand/collapse"><b>org.openqa.selenium.NoSuchElementException: no such element: Unable to locate element: {&quot;method&quot;:&quot;xpath&quot;,&quot;selector&quot;:&quot;./*//*[@id=&apos;TxtOtherArea_text&apos;]&quot;}<br/>
&nbsp; (Session info: chrome=62.0.3202.94)<br/>
&nbsp; (Driver info: chromedriver=2.33.506120 (e3e53437346286c0bc2d2dc9aa4915ba81d9023f),platform=Windows NT 6.1.7601 SP1 x86_64) (WARNING: The server did not provide any stacktrace information)<br/>
Command duration or timeout: 40.06 seconds<br/>
For documentation on this error, please visit: http://seleniumhq.org/exceptions/no_such_element.html<br/>
Build info: version: &apos;unknown&apos;, revision: &apos;unknown&apos;, time: &apos;unknown&apos;<br/>
System info: host: &apos;SEPL039&apos;, ip: &apos;192.168.1.194&apos;, os.name: &apos;Windows 7&apos;, os.arch: &apos;x86&apos;, os.version: &apos;6.1&apos;, java.version: &apos;1.8.0_144&apos;<br/>
Driver info: org.openqa.selenium.chrome.ChromeDriver<br/>
Capabilities [{applicationCacheEnabled=false, rotatable=false, mobileEmulationEnabled=false, networkConnectionEnabled=false, chrome={chromedriverVersion=2.33.506120 (e3e53437346286c0bc2d2dc9aa4915ba81d9023f), userDataDir=C:\Users\AKSHAY~1.POK\AppData\Local\Temp\scoped_dir720_31119}, takesHeapSnapshot=true, pageLoadStrategy=normal, databaseEnabled=false, handlesAlerts=true, hasTouchScreen=false, version=62.0.3202.94, platform=XP, browserConnectionEnabled=false, nativeEvents=true, acceptSslCerts=true, locationContextEnabled=true, webStorageEnabled=true, browserName=chrome, takesScreenshot=true, javascriptEnabled=true, cssSelectorsEnabled=true, setWindowRect=true, unexpectedAlertBehaviour=}]<br/>
Session ID: 5f4296fac43ca590052ae550975e9625<br/>
*** Element info: {Using=xpath, value=./*//*[@id=&apos;TxtOtherArea_text&apos;]}</b></a><br />
    <div class="stackTrace" id="exception-1">
              sun.reflect.NativeConstructorAccessorImpl.newInstance0(Native Method)<br />
              sun.reflect.NativeConstructorAccessorImpl.newInstance(NativeConstructorAccessorImpl.java:62)<br />
              sun.reflect.DelegatingConstructorAccessorImpl.newInstance(DelegatingConstructorAccessorImpl.java:45)<br />
              java.lang.reflect.Constructor.newInstance(Constructor.java:423)<br />
              org.openqa.selenium.remote.ErrorHandler.createThrowable(ErrorHandler.java:215)<br />
              org.openqa.selenium.remote.ErrorHandler.throwIfResponseFailed(ErrorHandler.java:167)<br />
              org.openqa.selenium.remote.RemoteWebDriver.execute(RemoteWebDriver.java:671)<br />
              org.openqa.selenium.remote.RemoteWebDriver.findElement(RemoteWebDriver.java:410)<br />
              org.openqa.selenium.remote.RemoteWebDriver.findElementByXPath(RemoteWebDriver.java:509)<br />
              org.openqa.selenium.By$ByXPath.findElement(By.java:361)<br />
              org.openqa.selenium.remote.RemoteWebDriver.findElement(RemoteWebDriver.java:402)<br />
              org.openqa.selenium.support.pagefactory.DefaultElementLocator.findElement(DefaultElementLocator.java:69)<br />
              org.openqa.selenium.support.pagefactory.internal.LocatingElementHandler.invoke(LocatingElementHandler.java:38)<br />
              com.sun.proxy.$Proxy7.clear(Unknown Source)<br />
              TestScript.ApplicantCTest.ApplicationSubmissionTest.ApplicationTest.ApplicationTest(ApplicationTest.java:1084)<br />
              sun.reflect.GeneratedMethodAccessor2.invoke(Unknown Source)<br />
              sun.reflect.DelegatingMethodAccessorImpl.invoke(DelegatingMethodAccessorImpl.java:43)<br />
              java.lang.reflect.Method.invoke(Method.java:498)<br />
              org.testng.internal.MethodInvocationHelper.invokeMethod(MethodInvocationHelper.java:85)<br />
              org.testng.internal.Invoker.invokeMethod(Invoker.java:639)<br />
              org.testng.internal.Invoker.invokeTestMethod(Invoker.java:816)<br />
              org.testng.internal.Invoker.invokeTestMethods(Invoker.java:1124)<br />
              org.testng.internal.TestMethodWorker.invokeTestMethods(TestMethodWorker.java:125)<br />
              org.testng.internal.TestMethodWorker.run(TestMethodWorker.java:108)<br />
              org.testng.TestRunner.privateRun(TestRunner.java:774)<br />
              org.testng.TestRunner.run(TestRunner.java:624)<br />
              org.testng.SuiteRunner.runTest(SuiteRunner.java:359)<br />
              org.testng.SuiteRunner.runSequentially(SuiteRunner.java:354)<br />
              org.testng.SuiteRunner.privateRun(SuiteRunner.java:312)<br />
              org.testng.SuiteRunner.run(SuiteRunner.java:261)<br />
              org.testng.SuiteRunnerWorker.runSuite(SuiteRunnerWorker.java:52)<br />
              org.testng.SuiteRunnerWorker.run(SuiteRunnerWorker.java:86)<br />
              org.testng.TestNG.runSuitesSequentially(TestNG.java:1215)<br />
              org.testng.TestNG.runSuitesLocally(TestNG.java:1140)<br />
              org.testng.TestNG.run(TestNG.java:1048)<br />
              org.testng.IDEARemoteTestNG.run(IDEARemoteTestNG.java:72)<br />
              org.testng.RemoteTestNGStarter.main(RemoteTestNGStarter.java:123)<br />
                </div>
      </td>
</tr>
      </table>


  <table class="resultsTable">
    <tr><th colspan="3" class="header passed">Passed Tests</th></tr>
          <tr>
        <td colspan="3" class="group">TestScript.ApplicantCTest.ApplicationSubmissionTest.ApplicationTest</td>
      </tr>
            
<tr>
  <td class="method">
                  ApplicationTest
      </td>
  <td class="duration">
    0.327s
  </td>
  <td class="result">
        
          <i>Method arguments: </i><span class="arguments">"", "SETTEXT", "RCC Area", "342.0", "RCC Area should be Numric."</span><br />
    
        

      </td>
</tr>
<tr>
  <td class="method">
                  ApplicationTest
      </td>
  <td class="duration">
    0.254s
  </td>
  <td class="result">
        
          <i>Method arguments: </i><span class="arguments">"", "SETTEXT", "Plot No", "324.0", ""</span><br />
    
        

      </td>
</tr>
<tr>
  <td class="method">
                  ApplicationTest
      </td>
  <td class="duration">
    0.285s
  </td>
  <td class="result">
        
          <i>Method arguments: </i><span class="arguments">"", "SETTEXT", "Applicant Name", "palash", "Applicant Name should be Alphabet only."</span><br />
    
        

      </td>
</tr>
<tr>
  <td class="method">
                  ApplicationTest
      </td>
  <td class="duration">
    0.541s
  </td>
  <td class="result">
        
          <i>Method arguments: </i><span class="arguments">"", "SETTEXT", "Gross Built Up Area", "23.63", "Gross Built Up Area should be Numric."</span><br />
    
        

      </td>
</tr>
<tr>
  <td class="method">
                  ApplicationTest
      </td>
  <td class="duration">
    0.310s
  </td>
  <td class="result">
        
          <i>Method arguments: </i><span class="arguments">"", "SETTEXT", "Shed Area", "234.0", "Shed Area should be Numric."</span><br />
    
        

      </td>
</tr>
<tr>
  <td class="method">
                  ApplicationTest
      </td>
  <td class="duration">
    7.440s
  </td>
  <td class="result">
        
          <i>Method arguments: </i><span class="arguments">"", "CLICK", "Click On proposal ", "", "Proposal Title should be Alphanumric."</span><br />
    
        

      </td>
</tr>
<tr>
  <td class="method">
                  ApplicationTest
      </td>
  <td class="duration">
    0.410s
  </td>
  <td class="result">
        
          <i>Method arguments: </i><span class="arguments">"", "SETTEXT", "Plot Area", "3454.3653", "Plot Area should be Numric."</span><br />
    
        

      </td>
</tr>
<tr>
  <td class="method">
                  ApplicationTest
      </td>
  <td class="duration">
    0.192s
  </td>
  <td class="result">
        
          <i>Method arguments: </i><span class="arguments">"", "SELECT", "Industrial Area", "Akola", "Industrial Area should be available in dropdown."</span><br />
    
        

      </td>
</tr>
<tr>
  <td class="method">
                  ApplicationTest
      </td>
  <td class="duration">
    0.419s
  </td>
  <td class="result">
        
          <i>Method arguments: </i><span class="arguments">"", "SETTEXT", "Plot Area", "3454.3653", "Plot Area should be Numric."</span><br />
    
        

      </td>
</tr>
<tr>
  <td class="method">
                  ApplicationTest
      </td>
  <td class="duration">
    8.281s
  </td>
  <td class="result">
        
          <i>Method arguments: </i><span class="arguments">"TEST CASE 2", "", "", "", ""</span><br />
    
        

      </td>
</tr>
<tr>
  <td class="method">
                  ApplicationTest
      </td>
  <td class="duration">
    2.056s
  </td>
  <td class="result">
        
          <i>Method arguments: </i><span class="arguments">"", "SELECT", "Plot Possession / A to L Date", "09-Aug-2017", "Plot Possession date should be Equal to or less than todays date."</span><br />
    
        

      </td>
</tr>
<tr>
  <td class="method">
                  ApplicationTest
      </td>
  <td class="duration">
    0.181s
  </td>
  <td class="result">
        
          <i>Method arguments: </i><span class="arguments">"", "SELECT", "MPCB Consent", "Red", "MPCB Consent should be available in dropdown."</span><br />
    
        

      </td>
</tr>
<tr>
  <td class="method">
                  ApplicationTest
      </td>
  <td class="duration">
    0.341s
  </td>
  <td class="result">
        
          <i>Method arguments: </i><span class="arguments">"", "SETTEXT", "Basement Area", "234.0", "Basement Area should be Numric."</span><br />
    
        

      </td>
</tr>
<tr>
  <td class="method">
                  ApplicationTest
      </td>
  <td class="duration">
    9.507s
  </td>
  <td class="result">
        
          <i>Method arguments: </i><span class="arguments">"TEST CASE 1", "", "", "", ""</span><br />
    
        

      </td>
</tr>
<tr>
  <td class="method">
                  ApplicationTest
      </td>
  <td class="duration">
    0.842s
  </td>
  <td class="result">
        
          <i>Method arguments: </i><span class="arguments">"", "SELECT", "Company Activity", "Analytical and/or Q.C.Laboratories", "Company Activity should be available in dropdown."</span><br />
    
        

      </td>
</tr>
<tr>
  <td class="method">
                  ApplicationTest
      </td>
  <td class="duration">
    0.521s
  </td>
  <td class="result">
        
          <i>Method arguments: </i><span class="arguments">"", "SETTEXT", "Total Building Height", "23.635", "Total Building Height should be Numric."</span><br />
    
        

      </td>
</tr>
<tr>
  <td class="method">
                  ApplicationTest
      </td>
  <td class="duration">
    0.253s
  </td>
  <td class="result">
        
          <i>Method arguments: </i><span class="arguments">"", "SELECT", "Proposal Use", "Assembly", "Proposal Use should be available in dropdown."</span><br />
    
        

      </td>
</tr>
<tr>
  <td class="method">
                  ApplicationTest
      </td>
  <td class="duration">
    0.188s
  </td>
  <td class="result">
        
          <i>Method arguments: </i><span class="arguments">"", "SELECT", "Industrial Area", "Akola", "Industrial Area should be available in dropdown."</span><br />
    
        

      </td>
</tr>
<tr>
  <td class="method">
                  ApplicationTest
      </td>
  <td class="duration">
    5.844s
  </td>
  <td class="result">
        
          <i>Method arguments: </i><span class="arguments">"", "CLICK", "Click On proposal ", "", "Proposal Title should be Alphanumric."</span><br />
    
        

      </td>
</tr>
<tr>
  <td class="method">
                  ApplicationTest
      </td>
  <td class="duration">
    0.735s
  </td>
  <td class="result">
        
          <i>Method arguments: </i><span class="arguments">"", "SELECT", "Company Activity", "Analytical and/or Q.C.Laboratories", "Company Activity should be available in dropdown."</span><br />
    
        

      </td>
</tr>
<tr>
  <td class="method">
                  ApplicationTest
      </td>
  <td class="duration">
    0.387s
  </td>
  <td class="result">
        
          <i>Method arguments: </i><span class="arguments">"", "SETTEXT", "RCC Area", "342.0", "RCC Area should be Numric."</span><br />
    
        

      </td>
</tr>
<tr>
  <td class="method">
                  ApplicationTest
      </td>
  <td class="duration">
    0.925s
  </td>
  <td class="result">
        
          <i>Method arguments: </i><span class="arguments">"", "SETTEXT", "Proposal Title", "Proposal for Nashik plot no 678", "Proposal Title should be Alphanumric."</span><br />
    
        

      </td>
</tr>
<tr>
  <td class="method">
                  ApplicationTest
      </td>
  <td class="duration">
    0.180s
  </td>
  <td class="result">
        
          <i>Method arguments: </i><span class="arguments">"", "SELECT", "MPCB Consent", "Red", "MPCB Consent should be available in dropdown."</span><br />
    
        

      </td>
</tr>
<tr>
  <td class="method">
                  ApplicationTest
      </td>
  <td class="duration">
    0.547s
  </td>
  <td class="result">
        
          <i>Method arguments: </i><span class="arguments">"", "SETTEXT", "Total Building Height", "23.635", "Total Building Height should be Numric."</span><br />
    
        

      </td>
</tr>
<tr>
  <td class="method">
                  ApplicationTest
      </td>
  <td class="duration">
    0.000s
  </td>
  <td class="result">
        
          <i>Method arguments: </i><span class="arguments">null, null, null, null, null</span><br />
    
        

      </td>
</tr>
<tr>
  <td class="method">
                  ApplicationTest
      </td>
  <td class="duration">
    0.139s
  </td>
  <td class="result">
        
          <i>Method arguments: </i><span class="arguments">"", "SELECT", "Proposal Type", "New", "Proposal type should be available in dropdown."</span><br />
    
        

      </td>
</tr>
<tr>
  <td class="method">
                  ApplicationTest
      </td>
  <td class="duration">
    1.691s
  </td>
  <td class="result">
        
          <i>Method arguments: </i><span class="arguments">"", "SELECT", "Plot Possession / A to L Date", "09-Aug-2017", "Plot Possession date should be Equal to or less than todays date."</span><br />
    
        

      </td>
</tr>
<tr>
  <td class="method">
                  ApplicationTest
      </td>
  <td class="duration">
    0.334s
  </td>
  <td class="result">
        
          <i>Method arguments: </i><span class="arguments">"", "SETTEXT", "Shed Area", "234.0", "Shed Area should be Numric."</span><br />
    
        

      </td>
</tr>
<tr>
  <td class="method">
                  ApplicationTest
      </td>
  <td class="duration">
    0.119s
  </td>
  <td class="result">
        
          <i>Method arguments: </i><span class="arguments">"", "SELECT", "Proposal Type", "New", "Proposal type should be available in dropdown."</span><br />
    
        

      </td>
</tr>
<tr>
  <td class="method">
                  ApplicationTest
      </td>
  <td class="duration">
    0.953s
  </td>
  <td class="result">
        
          <i>Method arguments: </i><span class="arguments">"", "SETTEXT", "Proposal Title", "Proposal for Nashik plot no 678", "Proposal Title should be Alphanumric."</span><br />
    
        

      </td>
</tr>
<tr>
  <td class="method">
                  ApplicationTest
      </td>
  <td class="duration">
    0.889s
  </td>
  <td class="result">
        
          <i>Method arguments: </i><span class="arguments">"", "CLICK", "Submit", "", "Proposal Should be Submit sucessfully."</span><br />
    
        

      </td>
</tr>
<tr>
  <td class="method">
                  ApplicationTest
      </td>
  <td class="duration">
    0.320s
  </td>
  <td class="result">
        
          <i>Method arguments: </i><span class="arguments">"", "SETTEXT", "Ready Reckoner Rate", "34.25", "Ready Reckoner Rate should be Numric."</span><br />
    
        

      </td>
</tr>
<tr>
  <td class="method">
                  ApplicationTest
      </td>
  <td class="duration">
    0.772s
  </td>
  <td class="result">
        
          <i>Method arguments: </i><span class="arguments">"", "CLICK", "Submit", "", "Proposal Should be Submit sucessfully."</span><br />
    
        

      </td>
</tr>
<tr>
  <td class="method">
                  ApplicationTest
      </td>
  <td class="duration">
    0.360s
  </td>
  <td class="result">
        
          <i>Method arguments: </i><span class="arguments">"", "SETTEXT", "Basement Area", "234.0", "Basement Area should be Numric."</span><br />
    
        

      </td>
</tr>
<tr>
  <td class="method">
                  ApplicationTest
      </td>
  <td class="duration">
    0.333s
  </td>
  <td class="result">
        
          <i>Method arguments: </i><span class="arguments">"", "SETTEXT", "Gross Built Up Area", "23.63", "Gross Built Up Area should be Numric."</span><br />
    
        

      </td>
</tr>
<tr>
  <td class="method">
                  ApplicationTest
      </td>
  <td class="duration">
    0.343s
  </td>
  <td class="result">
        
          <i>Method arguments: </i><span class="arguments">"", "SETTEXT", "Ready Reckoner Rate", "34.25", "Ready Reckoner Rate should be Numric."</span><br />
    
        

      </td>
</tr>
<tr>
  <td class="method">
                  ApplicationTest
      </td>
  <td class="duration">
    0.200s
  </td>
  <td class="result">
        
          <i>Method arguments: </i><span class="arguments">"", "SELECT", "Proposal Use", "Assembly", "Proposal Use should be available in dropdown."</span><br />
    
        

      </td>
</tr>
<tr>
  <td class="method">
                  ApplicationTest
      </td>
  <td class="duration">
    0.281s
  </td>
  <td class="result">
        
          <i>Method arguments: </i><span class="arguments">"", "SETTEXT", "Plot No", "324.0", ""</span><br />
    
        

      </td>
</tr>
<tr>
  <td class="method">
                  ApplicationTest
      </td>
  <td class="duration">
    0.300s
  </td>
  <td class="result">
        
          <i>Method arguments: </i><span class="arguments">"", "SETTEXT", "Applicant Name", "Akshay", "Applicant Name should be Alphabet only."</span><br />
    
        

      </td>
</tr>
      </table>
  
</body>
</html>
