<!DOCTYPE html PUBLIC "-//W3C//DTD XHTML 1.1//EN" "http://www.w3.org/TR/xhtml11/DTD/xhtml11.dtd">
<html xmlns="http://www.w3.org/1999/xhtml"><head><title>TestNG Report</title><style type="text/css">table {margin-bottom:10px;border-collapse:collapse;empty-cells:show}th,td {border:1px solid #009;padding:.25em .5em}th {vertical-align:bottom}td {vertical-align:top}table a {font-weight:bold}.stripe td {background-color: #E6EBF9}.num {text-align:right}.passedodd td {background-color: #3F3}.passedeven td {background-color: #0A0}.skippedodd td {background-color: #DDD}.skippedeven td {background-color: #CCC}.failedodd td,.attn {background-color: #F33}.failedeven td,.stripe .attn {background-color: #D00}.stacktrace {white-space:pre;font-family:monospace}.totop {font-size:85%;text-align:center;border-bottom:2px solid #000}</style></head><body><table><tr><th>Test</th><th># Passed</th><th># Skipped</th><th># Failed</th><th>Time (ms)</th><th>Included Groups</th><th>Excluded Groups</th></tr><tr><th colspan="7">Suite1</th></tr><tr><td><a href="#t0">Regression</a></td><td class="num">39</td><td class="num">0</td><td class="num attn">2</td><td class="num">181,946</td><td></td><td></td></tr></table><table><thead><tr><th>Class</th><th>Method</th><th>Start</th><th>Time (ms)</th></tr></thead><tbody><tr><th colspan="4">Suite1</th></tr></tbody><tbody id="t0"><tr><th colspan="4">Regression &#8212; failed</th></tr><tr class="failedeven"><td rowspan="2">TestScript.ApplicantCTest.ApplicationSubmissionTest.ApplicationTest</td><td><a href="#m0">ApplicationTest</a></td><td rowspan="2">1511504967215</td><td rowspan="2">40064</td></tr><tr class="failedeven"><td><a href="#m1">ApplicationTest</a></td></tr><tr><th colspan="4">Regression &#8212; passed</th></tr><tr class="passedeven"><td rowspan="39">TestScript.ApplicantCTest.ApplicationSubmissionTest.ApplicationTest</td><td><a href="#m2">ApplicationTest</a></td><td rowspan="39">1511504920705</td><td rowspan="39">300</td></tr><tr class="passedeven"><td><a href="#m3">ApplicationTest</a></td></tr><tr class="passedeven"><td><a href="#m4">ApplicationTest</a></td></tr><tr class="passedeven"><td><a href="#m5">ApplicationTest</a></td></tr><tr class="passedeven"><td><a href="#m6">ApplicationTest</a></td></tr><tr class="passedeven"><td><a href="#m7">ApplicationTest</a></td></tr><tr class="passedeven"><td><a href="#m8">ApplicationTest</a></td></tr><tr class="passedeven"><td><a href="#m9">ApplicationTest</a></td></tr><tr class="passedeven"><td><a href="#m10">ApplicationTest</a></td></tr><tr class="passedeven"><td><a href="#m11">ApplicationTest</a></td></tr><tr class="passedeven"><td><a href="#m12">ApplicationTest</a></td></tr><tr class="passedeven"><td><a href="#m13">ApplicationTest</a></td></tr><tr class="passedeven"><td><a href="#m14">ApplicationTest</a></td></tr><tr class="passedeven"><td><a href="#m15">ApplicationTest</a></td></tr><tr class="passedeven"><td><a href="#m16">ApplicationTest</a></td></tr><tr class="passedeven"><td><a href="#m17">ApplicationTest</a></td></tr><tr class="passedeven"><td><a href="#m18">ApplicationTest</a></td></tr><tr class="passedeven"><td><a href="#m19">ApplicationTest</a></td></tr><tr class="passedeven"><td><a href="#m20">ApplicationTest</a></td></tr><tr class="passedeven"><td><a href="#m21">ApplicationTest</a></td></tr><tr class="passedeven"><td><a href="#m22">ApplicationTest</a></td></tr><tr class="passedeven"><td><a href="#m23">ApplicationTest</a></td></tr><tr class="passedeven"><td><a href="#m24">ApplicationTest</a></td></tr><tr class="passedeven"><td><a href="#m25">ApplicationTest</a></td></tr><tr class="passedeven"><td><a href="#m26">ApplicationTest</a></td></tr><tr class="passedeven"><td><a href="#m27">ApplicationTest</a></td></tr><tr class="passedeven"><td><a href="#m28">ApplicationTest</a></td></tr><tr class="passedeven"><td><a href="#m29">ApplicationTest</a></td></tr><tr class="passedeven"><td><a href="#m30">ApplicationTest</a></td></tr><tr class="passedeven"><td><a href="#m31">ApplicationTest</a></td></tr><tr class="passedeven"><td><a href="#m32">ApplicationTest</a></td></tr><tr class="passedeven"><td><a href="#m33">ApplicationTest</a></td></tr><tr class="passedeven"><td><a href="#m34">ApplicationTest</a></td></tr><tr class="passedeven"><td><a href="#m35">ApplicationTest</a></td></tr><tr class="passedeven"><td><a href="#m36">ApplicationTest</a></td></tr><tr class="passedeven"><td><a href="#m37">ApplicationTest</a></td></tr><tr class="passedeven"><td><a href="#m38">ApplicationTest</a></td></tr><tr class="passedeven"><td><a href="#m39">ApplicationTest</a></td></tr><tr class="passedeven"><td><a href="#m40">ApplicationTest</a></td></tr></tbody></table><h2>Regression</h2><h3 id="m0">TestScript.ApplicantCTest.ApplicationSubmissionTest.ApplicationTest#ApplicationTest</h3><table class="result"><tr class="param"><th>Parameter #1</th><th>Parameter #2</th><th>Parameter #3</th><th>Parameter #4</th><th>Parameter #5</th></tr><tr class="param stripe"><td></td><td>SETTEXT</td><td>Other Structure Area</td><td>456.0</td><td>Other Structure Area should be Numric.</td></tr><tr><th colspan="5">Exception</th></tr><tr><td colspan="5"><div class="stacktrace">org.openqa.selenium.NoSuchElementException: no such element: Unable to locate element: {&quot;method&quot;:&quot;xpath&quot;,&quot;selector&quot;:&quot;./*//*[@id=&apos;TxtOtherArea_text&apos;]&quot;}
  (Session info: chrome=62.0.3202.94)
  (Driver info: chromedriver=2.33.506120 (e3e53437346286c0bc2d2dc9aa4915ba81d9023f),platform=Windows NT 6.1.7601 SP1 x86_64) (WARNING: The server did not provide any stacktrace information)
Command duration or timeout: 40.06 seconds
For documentation on this error, please visit: http://seleniumhq.org/exceptions/no_such_element.html
Build info: version: &apos;unknown&apos;, revision: &apos;unknown&apos;, time: &apos;unknown&apos;
System info: host: &apos;SEPL039&apos;, ip: &apos;192.168.1.194&apos;, os.name: &apos;Windows 7&apos;, os.arch: &apos;x86&apos;, os.version: &apos;6.1&apos;, java.version: &apos;1.8.0_144&apos;
Driver info: org.openqa.selenium.chrome.ChromeDriver
Capabilities [{applicationCacheEnabled=false, rotatable=false, mobileEmulationEnabled=false, networkConnectionEnabled=false, chrome={chromedriverVersion=2.33.506120 (e3e53437346286c0bc2d2dc9aa4915ba81d9023f), userDataDir=C:\Users\AKSHAY~1.POK\AppData\Local\Temp\scoped_dir720_31119}, takesHeapSnapshot=true, pageLoadStrategy=normal, databaseEnabled=false, handlesAlerts=true, hasTouchScreen=false, version=62.0.3202.94, platform=XP, browserConnectionEnabled=false, nativeEvents=true, acceptSslCerts=true, locationContextEnabled=true, webStorageEnabled=true, browserName=chrome, takesScreenshot=true, javascriptEnabled=true, cssSelectorsEnabled=true, setWindowRect=true, unexpectedAlertBehaviour=}]
Session ID: 5f4296fac43ca590052ae550975e9625
*** Element info: {Using=xpath, value=./*//*[@id=&apos;TxtOtherArea_text&apos;]}
	at sun.reflect.NativeConstructorAccessorImpl.newInstance0(Native Method)
	at sun.reflect.NativeConstructorAccessorImpl.newInstance(NativeConstructorAccessorImpl.java:62)
	at sun.reflect.DelegatingConstructorAccessorImpl.newInstance(DelegatingConstructorAccessorImpl.java:45)
	at java.lang.reflect.Constructor.newInstance(Constructor.java:423)
	at org.openqa.selenium.remote.ErrorHandler.createThrowable(ErrorHandler.java:215)
	at org.openqa.selenium.remote.ErrorHandler.throwIfResponseFailed(ErrorHandler.java:167)
	at org.openqa.selenium.remote.RemoteWebDriver.execute(RemoteWebDriver.java:671)
	at org.openqa.selenium.remote.RemoteWebDriver.findElement(RemoteWebDriver.java:410)
	at org.openqa.selenium.remote.RemoteWebDriver.findElementByXPath(RemoteWebDriver.java:509)
	at org.openqa.selenium.By$ByXPath.findElement(By.java:361)
	at org.openqa.selenium.remote.RemoteWebDriver.findElement(RemoteWebDriver.java:402)
	at org.openqa.selenium.support.pagefactory.DefaultElementLocator.findElement(DefaultElementLocator.java:69)
	at org.openqa.selenium.support.pagefactory.internal.LocatingElementHandler.invoke(LocatingElementHandler.java:38)
	at com.sun.proxy.$Proxy7.clear(Unknown Source)
	at TestScript.ApplicantCTest.ApplicationSubmissionTest.ApplicationTest.ApplicationTest(ApplicationTest.java:1084)
	at sun.reflect.GeneratedMethodAccessor2.invoke(Unknown Source)
	at sun.reflect.DelegatingMethodAccessorImpl.invoke(DelegatingMethodAccessorImpl.java:43)
	at java.lang.reflect.Method.invoke(Method.java:498)
	at org.testng.internal.MethodInvocationHelper.invokeMethod(MethodInvocationHelper.java:85)
	at org.testng.internal.Invoker.invokeMethod(Invoker.java:639)
	at org.testng.internal.Invoker.invokeTestMethod(Invoker.java:816)
	at org.testng.internal.Invoker.invokeTestMethods(Invoker.java:1124)
	at org.testng.internal.TestMethodWorker.invokeTestMethods(TestMethodWorker.java:125)
	at org.testng.internal.TestMethodWorker.run(TestMethodWorker.java:108)
	at org.testng.TestRunner.privateRun(TestRunner.java:774)
	at org.testng.TestRunner.run(TestRunner.java:624)
	at org.testng.SuiteRunner.runTest(SuiteRunner.java:359)
	at org.testng.SuiteRunner.runSequentially(SuiteRunner.java:354)
	at org.testng.SuiteRunner.privateRun(SuiteRunner.java:312)
	at org.testng.SuiteRunner.run(SuiteRunner.java:261)
	at org.testng.SuiteRunnerWorker.runSuite(SuiteRunnerWorker.java:52)
	at org.testng.SuiteRunnerWorker.run(SuiteRunnerWorker.java:86)
	at org.testng.TestNG.runSuitesSequentially(TestNG.java:1215)
	at org.testng.TestNG.runSuitesLocally(TestNG.java:1140)
	at org.testng.TestNG.run(TestNG.java:1048)
	at org.testng.IDEARemoteTestNG.run(IDEARemoteTestNG.java:72)
	at org.testng.RemoteTestNGStarter.main(RemoteTestNGStarter.java:123)
</div></td></tr></table><p class="totop"><a href="#summary">back to summary</a></p><h3 id="m1">TestScript.ApplicantCTest.ApplicationSubmissionTest.ApplicationTest#ApplicationTest</h3><table class="result"><tr class="param"><th>Parameter #1</th><th>Parameter #2</th><th>Parameter #3</th><th>Parameter #4</th><th>Parameter #5</th></tr><tr class="param stripe"><td></td><td>SETTEXT</td><td>Other Structure Area</td><td>456.0</td><td>Other Structure Area should be Numric.</td></tr><tr><th colspan="5">Exception</th></tr><tr><td colspan="5"><div class="stacktrace">org.openqa.selenium.NoSuchElementException: no such element: Unable to locate element: {&quot;method&quot;:&quot;xpath&quot;,&quot;selector&quot;:&quot;./*//*[@id=&apos;TxtOtherArea_text&apos;]&quot;}
  (Session info: chrome=62.0.3202.94)
  (Driver info: chromedriver=2.33.506120 (e3e53437346286c0bc2d2dc9aa4915ba81d9023f),platform=Windows NT 6.1.7601 SP1 x86_64) (WARNING: The server did not provide any stacktrace information)
Command duration or timeout: 40.06 seconds
For documentation on this error, please visit: http://seleniumhq.org/exceptions/no_such_element.html
Build info: version: &apos;unknown&apos;, revision: &apos;unknown&apos;, time: &apos;unknown&apos;
System info: host: &apos;SEPL039&apos;, ip: &apos;192.168.1.194&apos;, os.name: &apos;Windows 7&apos;, os.arch: &apos;x86&apos;, os.version: &apos;6.1&apos;, java.version: &apos;1.8.0_144&apos;
Driver info: org.openqa.selenium.chrome.ChromeDriver
Capabilities [{applicationCacheEnabled=false, rotatable=false, mobileEmulationEnabled=false, networkConnectionEnabled=false, chrome={chromedriverVersion=2.33.506120 (e3e53437346286c0bc2d2dc9aa4915ba81d9023f), userDataDir=C:\Users\AKSHAY~1.POK\AppData\Local\Temp\scoped_dir5980_17146}, takesHeapSnapshot=true, pageLoadStrategy=normal, databaseEnabled=false, handlesAlerts=true, hasTouchScreen=false, version=62.0.3202.94, platform=XP, browserConnectionEnabled=false, nativeEvents=true, acceptSslCerts=true, locationContextEnabled=true, webStorageEnabled=true, browserName=chrome, takesScreenshot=true, javascriptEnabled=true, cssSelectorsEnabled=true, setWindowRect=true, unexpectedAlertBehaviour=}]
Session ID: 892f588e3291682ab94dda690f9e9173
*** Element info: {Using=xpath, value=./*//*[@id=&apos;TxtOtherArea_text&apos;]}
	at sun.reflect.NativeConstructorAccessorImpl.newInstance0(Native Method)
	at sun.reflect.NativeConstructorAccessorImpl.newInstance(NativeConstructorAccessorImpl.java:62)
	at sun.reflect.DelegatingConstructorAccessorImpl.newInstance(DelegatingConstructorAccessorImpl.java:45)
	at java.lang.reflect.Constructor.newInstance(Constructor.java:423)
	at org.openqa.selenium.remote.ErrorHandler.createThrowable(ErrorHandler.java:215)
	at org.openqa.selenium.remote.ErrorHandler.throwIfResponseFailed(ErrorHandler.java:167)
	at org.openqa.selenium.remote.RemoteWebDriver.execute(RemoteWebDriver.java:671)
	at org.openqa.selenium.remote.RemoteWebDriver.findElement(RemoteWebDriver.java:410)
	at org.openqa.selenium.remote.RemoteWebDriver.findElementByXPath(RemoteWebDriver.java:509)
	at org.openqa.selenium.By$ByXPath.findElement(By.java:361)
	at org.openqa.selenium.remote.RemoteWebDriver.findElement(RemoteWebDriver.java:402)
	at org.openqa.selenium.support.pagefactory.DefaultElementLocator.findElement(DefaultElementLocator.java:69)
	at org.openqa.selenium.support.pagefactory.internal.LocatingElementHandler.invoke(LocatingElementHandler.java:38)
	at com.sun.proxy.$Proxy7.clear(Unknown Source)
	at TestScript.ApplicantCTest.ApplicationSubmissionTest.ApplicationTest.ApplicationTest(ApplicationTest.java:1084)
	at sun.reflect.GeneratedMethodAccessor2.invoke(Unknown Source)
	at sun.reflect.DelegatingMethodAccessorImpl.invoke(DelegatingMethodAccessorImpl.java:43)
	at java.lang.reflect.Method.invoke(Method.java:498)
	at org.testng.internal.MethodInvocationHelper.invokeMethod(MethodInvocationHelper.java:85)
	at org.testng.internal.Invoker.invokeMethod(Invoker.java:639)
	at org.testng.internal.Invoker.invokeTestMethod(Invoker.java:816)
	at org.testng.internal.Invoker.invokeTestMethods(Invoker.java:1124)
	at org.testng.internal.TestMethodWorker.invokeTestMethods(TestMethodWorker.java:125)
	at org.testng.internal.TestMethodWorker.run(TestMethodWorker.java:108)
	at org.testng.TestRunner.privateRun(TestRunner.java:774)
	at org.testng.TestRunner.run(TestRunner.java:624)
	at org.testng.SuiteRunner.runTest(SuiteRunner.java:359)
	at org.testng.SuiteRunner.runSequentially(SuiteRunner.java:354)
	at org.testng.SuiteRunner.privateRun(SuiteRunner.java:312)
	at org.testng.SuiteRunner.run(SuiteRunner.java:261)
	at org.testng.SuiteRunnerWorker.runSuite(SuiteRunnerWorker.java:52)
	at org.testng.SuiteRunnerWorker.run(SuiteRunnerWorker.java:86)
	at org.testng.TestNG.runSuitesSequentially(TestNG.java:1215)
	at org.testng.TestNG.runSuitesLocally(TestNG.java:1140)
	at org.testng.TestNG.run(TestNG.java:1048)
	at org.testng.IDEARemoteTestNG.run(IDEARemoteTestNG.java:72)
	at org.testng.RemoteTestNGStarter.main(RemoteTestNGStarter.java:123)
</div></td></tr></table><p class="totop"><a href="#summary">back to summary</a></p><h3 id="m2">TestScript.ApplicantCTest.ApplicationSubmissionTest.ApplicationTest#ApplicationTest</h3><table class="result"><tr class="param"><th>Parameter #1</th><th>Parameter #2</th><th>Parameter #3</th><th>Parameter #4</th><th>Parameter #5</th></tr><tr class="param stripe"><td></td><td>SETTEXT</td><td>Applicant Name</td><td>Akshay</td><td>Applicant Name should be Alphabet only.</td></tr></table><p class="totop"><a href="#summary">back to summary</a></p><h3 id="m3">TestScript.ApplicantCTest.ApplicationSubmissionTest.ApplicationTest#ApplicationTest</h3><table class="result"><tr class="param"><th>Parameter #1</th><th>Parameter #2</th><th>Parameter #3</th><th>Parameter #4</th><th>Parameter #5</th></tr><tr class="param stripe"><td></td><td>SETTEXT</td><td>Plot No</td><td>324.0</td><td></td></tr></table><p class="totop"><a href="#summary">back to summary</a></p><h3 id="m4">TestScript.ApplicantCTest.ApplicationSubmissionTest.ApplicationTest#ApplicationTest</h3><table class="result"><tr class="param"><th>Parameter #1</th><th>Parameter #2</th><th>Parameter #3</th><th>Parameter #4</th><th>Parameter #5</th></tr><tr class="param stripe"><td></td><td>SETTEXT</td><td>RCC Area</td><td>342.0</td><td>RCC Area should be Numric.</td></tr></table><p class="totop"><a href="#summary">back to summary</a></p><h3 id="m5">TestScript.ApplicantCTest.ApplicationSubmissionTest.ApplicationTest#ApplicationTest</h3><table class="result"><tr class="param"><th>Parameter #1</th><th>Parameter #2</th><th>Parameter #3</th><th>Parameter #4</th><th>Parameter #5</th></tr><tr class="param stripe"><td></td><td>SELECT</td><td>Proposal Use</td><td>Assembly</td><td>Proposal Use should be available in dropdown.</td></tr></table><p class="totop"><a href="#summary">back to summary</a></p><h3 id="m6">TestScript.ApplicantCTest.ApplicationSubmissionTest.ApplicationTest#ApplicationTest</h3><table class="result"><tr class="param"><th>Parameter #1</th><th>Parameter #2</th><th>Parameter #3</th><th>Parameter #4</th><th>Parameter #5</th></tr><tr class="param stripe"><td></td><td>SETTEXT</td><td>Plot No</td><td>324.0</td><td></td></tr></table><p class="totop"><a href="#summary">back to summary</a></p><h3 id="m7">TestScript.ApplicantCTest.ApplicationSubmissionTest.ApplicationTest#ApplicationTest</h3><table class="result"><tr class="param"><th>Parameter #1</th><th>Parameter #2</th><th>Parameter #3</th><th>Parameter #4</th><th>Parameter #5</th></tr><tr class="param stripe"><td></td><td>SETTEXT</td><td>Ready Reckoner Rate</td><td>34.25</td><td>Ready Reckoner Rate should be Numric.</td></tr></table><p class="totop"><a href="#summary">back to summary</a></p><h3 id="m8">TestScript.ApplicantCTest.ApplicationSubmissionTest.ApplicationTest#ApplicationTest</h3><table class="result"><tr class="param"><th>Parameter #1</th><th>Parameter #2</th><th>Parameter #3</th><th>Parameter #4</th><th>Parameter #5</th></tr><tr class="param stripe"><td></td><td>SETTEXT</td><td>Applicant Name</td><td>palash</td><td>Applicant Name should be Alphabet only.</td></tr></table><p class="totop"><a href="#summary">back to summary</a></p><h3 id="m9">TestScript.ApplicantCTest.ApplicationSubmissionTest.ApplicationTest#ApplicationTest</h3><table class="result"><tr class="param"><th>Parameter #1</th><th>Parameter #2</th><th>Parameter #3</th><th>Parameter #4</th><th>Parameter #5</th></tr><tr class="param stripe"><td></td><td>SETTEXT</td><td>Gross Built Up Area</td><td>23.63</td><td>Gross Built Up Area should be Numric.</td></tr></table><p class="totop"><a href="#summary">back to summary</a></p><h3 id="m10">TestScript.ApplicantCTest.ApplicationSubmissionTest.ApplicationTest#ApplicationTest</h3><table class="result"><tr class="param"><th>Parameter #1</th><th>Parameter #2</th><th>Parameter #3</th><th>Parameter #4</th><th>Parameter #5</th></tr><tr class="param stripe"><td></td><td>SETTEXT</td><td>Gross Built Up Area</td><td>23.63</td><td>Gross Built Up Area should be Numric.</td></tr></table><p class="totop"><a href="#summary">back to summary</a></p><h3 id="m11">TestScript.ApplicantCTest.ApplicationSubmissionTest.ApplicationTest#ApplicationTest</h3><table class="result"><tr class="param"><th>Parameter #1</th><th>Parameter #2</th><th>Parameter #3</th><th>Parameter #4</th><th>Parameter #5</th></tr><tr class="param stripe"><td></td><td>SETTEXT</td><td>Basement Area</td><td>234.0</td><td>Basement Area should be Numric.</td></tr></table><p class="totop"><a href="#summary">back to summary</a></p><h3 id="m12">TestScript.ApplicantCTest.ApplicationSubmissionTest.ApplicationTest#ApplicationTest</h3><table class="result"><tr class="param"><th>Parameter #1</th><th>Parameter #2</th><th>Parameter #3</th><th>Parameter #4</th><th>Parameter #5</th></tr><tr class="param stripe"><td></td><td>SETTEXT</td><td>Shed Area</td><td>234.0</td><td>Shed Area should be Numric.</td></tr></table><p class="totop"><a href="#summary">back to summary</a></p><h3 id="m13">TestScript.ApplicantCTest.ApplicationSubmissionTest.ApplicationTest#ApplicationTest</h3><table class="result"><tr class="param"><th>Parameter #1</th><th>Parameter #2</th><th>Parameter #3</th><th>Parameter #4</th><th>Parameter #5</th></tr><tr class="param stripe"><td></td><td>CLICK</td><td>Submit</td><td></td><td>Proposal Should be Submit sucessfully.</td></tr></table><p class="totop"><a href="#summary">back to summary</a></p><h3 id="m14">TestScript.ApplicantCTest.ApplicationSubmissionTest.ApplicationTest#ApplicationTest</h3><table class="result"><tr class="param"><th>Parameter #1</th><th>Parameter #2</th><th>Parameter #3</th><th>Parameter #4</th><th>Parameter #5</th></tr><tr class="param stripe"><td></td><td>CLICK</td><td>Click On proposal </td><td></td><td>Proposal Title should be Alphanumric.</td></tr></table><p class="totop"><a href="#summary">back to summary</a></p><h3 id="m15">TestScript.ApplicantCTest.ApplicationSubmissionTest.ApplicationTest#ApplicationTest</h3><table class="result"><tr class="param"><th>Parameter #1</th><th>Parameter #2</th><th>Parameter #3</th><th>Parameter #4</th><th>Parameter #5</th></tr><tr class="param stripe"><td></td><td>SETTEXT</td><td>Ready Reckoner Rate</td><td>34.25</td><td>Ready Reckoner Rate should be Numric.</td></tr></table><p class="totop"><a href="#summary">back to summary</a></p><h3 id="m16">TestScript.ApplicantCTest.ApplicationSubmissionTest.ApplicationTest#ApplicationTest</h3><table class="result"><tr class="param"><th>Parameter #1</th><th>Parameter #2</th><th>Parameter #3</th><th>Parameter #4</th><th>Parameter #5</th></tr><tr class="param stripe"><td></td><td>SETTEXT</td><td>Plot Area</td><td>3454.3653</td><td>Plot Area should be Numric.</td></tr></table><p class="totop"><a href="#summary">back to summary</a></p><h3 id="m17">TestScript.ApplicantCTest.ApplicationSubmissionTest.ApplicationTest#ApplicationTest</h3><table class="result"><tr class="param"><th>Parameter #1</th><th>Parameter #2</th><th>Parameter #3</th><th>Parameter #4</th><th>Parameter #5</th></tr><tr class="param stripe"><td></td><td>CLICK</td><td>Submit</td><td></td><td>Proposal Should be Submit sucessfully.</td></tr></table><p class="totop"><a href="#summary">back to summary</a></p><h3 id="m18">TestScript.ApplicantCTest.ApplicationSubmissionTest.ApplicationTest#ApplicationTest</h3><table class="result"><tr class="param"><th>Parameter #1</th><th>Parameter #2</th><th>Parameter #3</th><th>Parameter #4</th><th>Parameter #5</th></tr><tr class="param stripe"><td></td><td>SELECT</td><td>Industrial Area</td><td>Akola</td><td>Industrial Area should be available in dropdown.</td></tr></table><p class="totop"><a href="#summary">back to summary</a></p><h3 id="m19">TestScript.ApplicantCTest.ApplicationSubmissionTest.ApplicationTest#ApplicationTest</h3><table class="result"><tr class="param"><th>Parameter #1</th><th>Parameter #2</th><th>Parameter #3</th><th>Parameter #4</th><th>Parameter #5</th></tr><tr class="param stripe"><td></td><td>SETTEXT</td><td>Proposal Title</td><td>Proposal for Nashik plot no 678</td><td>Proposal Title should be Alphanumric.</td></tr></table><p class="totop"><a href="#summary">back to summary</a></p><h3 id="m20">TestScript.ApplicantCTest.ApplicationSubmissionTest.ApplicationTest#ApplicationTest</h3><table class="result"><tr class="param"><th>Parameter #1</th><th>Parameter #2</th><th>Parameter #3</th><th>Parameter #4</th><th>Parameter #5</th></tr><tr class="param stripe"><td></td><td>SETTEXT</td><td>Plot Area</td><td>3454.3653</td><td>Plot Area should be Numric.</td></tr></table><p class="totop"><a href="#summary">back to summary</a></p><h3 id="m21">TestScript.ApplicantCTest.ApplicationSubmissionTest.ApplicationTest#ApplicationTest</h3><table class="result"><tr class="param"><th>Parameter #1</th><th>Parameter #2</th><th>Parameter #3</th><th>Parameter #4</th><th>Parameter #5</th></tr><tr class="param stripe"><td></td><td>SELECT</td><td>Proposal Type</td><td>New</td><td>Proposal type should be available in dropdown.</td></tr></table><p class="totop"><a href="#summary">back to summary</a></p><h3 id="m22">TestScript.ApplicantCTest.ApplicationSubmissionTest.ApplicationTest#ApplicationTest</h3><table class="result"><tr class="param"><th>Parameter #1</th><th>Parameter #2</th><th>Parameter #3</th><th>Parameter #4</th><th>Parameter #5</th></tr><tr class="param stripe"><td>TEST CASE 2</td><td></td><td></td><td></td><td></td></tr></table><p class="totop"><a href="#summary">back to summary</a></p><h3 id="m23">TestScript.ApplicantCTest.ApplicationSubmissionTest.ApplicationTest#ApplicationTest</h3><table class="result"><tr class="param"><th>Parameter #1</th><th>Parameter #2</th><th>Parameter #3</th><th>Parameter #4</th><th>Parameter #5</th></tr><tr class="param stripe"><td></td><td>SETTEXT</td><td>Shed Area</td><td>234.0</td><td>Shed Area should be Numric.</td></tr></table><p class="totop"><a href="#summary">back to summary</a></p><h3 id="m24">TestScript.ApplicantCTest.ApplicationSubmissionTest.ApplicationTest#ApplicationTest</h3><table class="result"><tr class="param"><th>Parameter #1</th><th>Parameter #2</th><th>Parameter #3</th><th>Parameter #4</th><th>Parameter #5</th></tr><tr class="param stripe"><td></td><td>SELECT</td><td>Plot Possession / A to L Date</td><td>09-Aug-2017</td><td>Plot Possession date should be Equal to or less than todays date.</td></tr></table><p class="totop"><a href="#summary">back to summary</a></p><h3 id="m25">TestScript.ApplicantCTest.ApplicationSubmissionTest.ApplicationTest#ApplicationTest</h3><table class="result"><tr class="param"><th>Parameter #1</th><th>Parameter #2</th><th>Parameter #3</th><th>Parameter #4</th><th>Parameter #5</th></tr><tr class="param stripe"><td></td><td>SELECT</td><td>Plot Possession / A to L Date</td><td>09-Aug-2017</td><td>Plot Possession date should be Equal to or less than todays date.</td></tr></table><p class="totop"><a href="#summary">back to summary</a></p><h3 id="m26">TestScript.ApplicantCTest.ApplicationSubmissionTest.ApplicationTest#ApplicationTest</h3><table class="result"><tr class="param"><th>Parameter #1</th><th>Parameter #2</th><th>Parameter #3</th><th>Parameter #4</th><th>Parameter #5</th></tr><tr class="param stripe"><td></td><td>SELECT</td><td>MPCB Consent</td><td>Red</td><td>MPCB Consent should be available in dropdown.</td></tr></table><p class="totop"><a href="#summary">back to summary</a></p><h3 id="m27">TestScript.ApplicantCTest.ApplicationSubmissionTest.ApplicationTest#ApplicationTest</h3><table class="result"><tr class="param"><th>Parameter #1</th><th>Parameter #2</th><th>Parameter #3</th><th>Parameter #4</th><th>Parameter #5</th></tr><tr class="param stripe"><td></td><td>SELECT</td><td>Proposal Type</td><td>New</td><td>Proposal type should be available in dropdown.</td></tr></table><p class="totop"><a href="#summary">back to summary</a></p><h3 id="m28">TestScript.ApplicantCTest.ApplicationSubmissionTest.ApplicationTest#ApplicationTest</h3><table class="result"><tr class="param"><th>Parameter #1</th><th>Parameter #2</th><th>Parameter #3</th><th>Parameter #4</th><th>Parameter #5</th></tr><tr class="param stripe"><td></td><td>SETTEXT</td><td>Basement Area</td><td>234.0</td><td>Basement Area should be Numric.</td></tr></table><p class="totop"><a href="#summary">back to summary</a></p><h3 id="m29">TestScript.ApplicantCTest.ApplicationSubmissionTest.ApplicationTest#ApplicationTest</h3><table class="result"><tr class="param"><th>Parameter #1</th><th>Parameter #2</th><th>Parameter #3</th><th>Parameter #4</th><th>Parameter #5</th></tr><tr class="param stripe"><td>null</td><td>null</td><td>null</td><td>null</td><td>null</td></tr></table><p class="totop"><a href="#summary">back to summary</a></p><h3 id="m30">TestScript.ApplicantCTest.ApplicationSubmissionTest.ApplicationTest#ApplicationTest</h3><table class="result"><tr class="param"><th>Parameter #1</th><th>Parameter #2</th><th>Parameter #3</th><th>Parameter #4</th><th>Parameter #5</th></tr><tr class="param stripe"><td>TEST CASE 1</td><td></td><td></td><td></td><td></td></tr></table><p class="totop"><a href="#summary">back to summary</a></p><h3 id="m31">TestScript.ApplicantCTest.ApplicationSubmissionTest.ApplicationTest#ApplicationTest</h3><table class="result"><tr class="param"><th>Parameter #1</th><th>Parameter #2</th><th>Parameter #3</th><th>Parameter #4</th><th>Parameter #5</th></tr><tr class="param stripe"><td></td><td>SETTEXT</td><td>Total Building Height</td><td>23.635</td><td>Total Building Height should be Numric.</td></tr></table><p class="totop"><a href="#summary">back to summary</a></p><h3 id="m32">TestScript.ApplicantCTest.ApplicationSubmissionTest.ApplicationTest#ApplicationTest</h3><table class="result"><tr class="param"><th>Parameter #1</th><th>Parameter #2</th><th>Parameter #3</th><th>Parameter #4</th><th>Parameter #5</th></tr><tr class="param stripe"><td></td><td>SELECT</td><td>Company Activity</td><td>Analytical and/or Q.C.Laboratories</td><td>Company Activity should be available in dropdown.</td></tr></table><p class="totop"><a href="#summary">back to summary</a></p><h3 id="m33">TestScript.ApplicantCTest.ApplicationSubmissionTest.ApplicationTest#ApplicationTest</h3><table class="result"><tr class="param"><th>Parameter #1</th><th>Parameter #2</th><th>Parameter #3</th><th>Parameter #4</th><th>Parameter #5</th></tr><tr class="param stripe"><td></td><td>SELECT</td><td>MPCB Consent</td><td>Red</td><td>MPCB Consent should be available in dropdown.</td></tr></table><p class="totop"><a href="#summary">back to summary</a></p><h3 id="m34">TestScript.ApplicantCTest.ApplicationSubmissionTest.ApplicationTest#ApplicationTest</h3><table class="result"><tr class="param"><th>Parameter #1</th><th>Parameter #2</th><th>Parameter #3</th><th>Parameter #4</th><th>Parameter #5</th></tr><tr class="param stripe"><td></td><td>SETTEXT</td><td>Total Building Height</td><td>23.635</td><td>Total Building Height should be Numric.</td></tr></table><p class="totop"><a href="#summary">back to summary</a></p><h3 id="m35">TestScript.ApplicantCTest.ApplicationSubmissionTest.ApplicationTest#ApplicationTest</h3><table class="result"><tr class="param"><th>Parameter #1</th><th>Parameter #2</th><th>Parameter #3</th><th>Parameter #4</th><th>Parameter #5</th></tr><tr class="param stripe"><td></td><td>SETTEXT</td><td>Proposal Title</td><td>Proposal for Nashik plot no 678</td><td>Proposal Title should be Alphanumric.</td></tr></table><p class="totop"><a href="#summary">back to summary</a></p><h3 id="m36">TestScript.ApplicantCTest.ApplicationSubmissionTest.ApplicationTest#ApplicationTest</h3><table class="result"><tr class="param"><th>Parameter #1</th><th>Parameter #2</th><th>Parameter #3</th><th>Parameter #4</th><th>Parameter #5</th></tr><tr class="param stripe"><td></td><td>SELECT</td><td>Proposal Use</td><td>Assembly</td><td>Proposal Use should be available in dropdown.</td></tr></table><p class="totop"><a href="#summary">back to summary</a></p><h3 id="m37">TestScript.ApplicantCTest.ApplicationSubmissionTest.ApplicationTest#ApplicationTest</h3><table class="result"><tr class="param"><th>Parameter #1</th><th>Parameter #2</th><th>Parameter #3</th><th>Parameter #4</th><th>Parameter #5</th></tr><tr class="param stripe"><td></td><td>SETTEXT</td><td>RCC Area</td><td>342.0</td><td>RCC Area should be Numric.</td></tr></table><p class="totop"><a href="#summary">back to summary</a></p><h3 id="m38">TestScript.ApplicantCTest.ApplicationSubmissionTest.ApplicationTest#ApplicationTest</h3><table class="result"><tr class="param"><th>Parameter #1</th><th>Parameter #2</th><th>Parameter #3</th><th>Parameter #4</th><th>Parameter #5</th></tr><tr class="param stripe"><td></td><td>SELECT</td><td>Industrial Area</td><td>Akola</td><td>Industrial Area should be available in dropdown.</td></tr></table><p class="totop"><a href="#summary">back to summary</a></p><h3 id="m39">TestScript.ApplicantCTest.ApplicationSubmissionTest.ApplicationTest#ApplicationTest</h3><table class="result"><tr class="param"><th>Parameter #1</th><th>Parameter #2</th><th>Parameter #3</th><th>Parameter #4</th><th>Parameter #5</th></tr><tr class="param stripe"><td></td><td>SELECT</td><td>Company Activity</td><td>Analytical and/or Q.C.Laboratories</td><td>Company Activity should be available in dropdown.</td></tr></table><p class="totop"><a href="#summary">back to summary</a></p><h3 id="m40">TestScript.ApplicantCTest.ApplicationSubmissionTest.ApplicationTest#ApplicationTest</h3><table class="result"><tr class="param"><th>Parameter #1</th><th>Parameter #2</th><th>Parameter #3</th><th>Parameter #4</th><th>Parameter #5</th></tr><tr class="param stripe"><td></td><td>CLICK</td><td>Click On proposal </td><td></td><td>Proposal Title should be Alphanumric.</td></tr></table><p class="totop"><a href="#summary">back to summary</a></p></body></html>